[0.450s] Invoking command in '/home/yuhangsong/Desktop/works/ROS2_VLA/src/physicsVLA_node': CONDA_PROMPT_MODIFIER=(vla) PYTHONPATH=/home/yuhangsong/Desktop/works/ROS2_VLA/build/physicsVLA_node/prefix_override:/home/yuhangsong/Desktop/works/ROS2_VLA/install/lib/python3.10/site-packages:${PYTHONPATH} /usr/bin/python3 setup.py egg_info --egg-base ../../build/physicsVLA_node build --build-base /home/yuhangsong/Desktop/works/ROS2_VLA/build/physicsVLA_node/build install --record /home/yuhangsong/Desktop/works/ROS2_VLA/build/physicsVLA_node/install.log --single-version-externally-managed
[0.630s] running egg_info
[0.630s] creating ../../build/physicsVLA_node/physicsVLA_node.egg-info
[0.630s] writing ../../build/physicsVLA_node/physicsVLA_node.egg-info/PKG-INFO
[0.630s] writing dependency_links to ../../build/physicsVLA_node/physicsVLA_node.egg-info/dependency_links.txt
[0.630s] writing entry points to ../../build/physicsVLA_node/physicsVLA_node.egg-info/entry_points.txt
[0.630s] writing requirements to ../../build/physicsVLA_node/physicsVLA_node.egg-info/requires.txt
[0.630s] writing top-level names to ../../build/physicsVLA_node/physicsVLA_node.egg-info/top_level.txt
[0.630s] writing manifest file '../../build/physicsVLA_node/physicsVLA_node.egg-info/SOURCES.txt'
[0.631s] reading manifest file '../../build/physicsVLA_node/physicsVLA_node.egg-info/SOURCES.txt'
[0.632s] writing manifest file '../../build/physicsVLA_node/physicsVLA_node.egg-info/SOURCES.txt'
[0.632s] running build
[0.632s] running build_py
[0.632s] creating /home/yuhangsong/Desktop/works/ROS2_VLA/build/physicsVLA_node/build
[0.632s] creating /home/yuhangsong/Desktop/works/ROS2_VLA/build/physicsVLA_node/build/lib
[0.632s] creating /home/yuhangsong/Desktop/works/ROS2_VLA/build/physicsVLA_node/build/lib/physicsVLA_node
[0.632s] copying physicsVLA_node/vla_node.py -> /home/yuhangsong/Desktop/works/ROS2_VLA/build/physicsVLA_node/build/lib/physicsVLA_node
[0.632s] copying physicsVLA_node/vla_inferencer.py -> /home/yuhangsong/Desktop/works/ROS2_VLA/build/physicsVLA_node/build/lib/physicsVLA_node
[0.633s] copying physicsVLA_node/__init__.py -> /home/yuhangsong/Desktop/works/ROS2_VLA/build/physicsVLA_node/build/lib/physicsVLA_node
[0.633s] running install
[0.633s] running install_lib
[0.633s] creating /home/yuhangsong/Desktop/works/ROS2_VLA/install/lib/python3.10/site-packages/physicsVLA_node
[0.633s] copying /home/yuhangsong/Desktop/works/ROS2_VLA/build/physicsVLA_node/build/lib/physicsVLA_node/vla_node.py -> /home/yuhangsong/Desktop/works/ROS2_VLA/install/lib/python3.10/site-packages/physicsVLA_node
[0.633s] copying /home/yuhangsong/Desktop/works/ROS2_VLA/build/physicsVLA_node/build/lib/physicsVLA_node/vla_inferencer.py -> /home/yuhangsong/Desktop/works/ROS2_VLA/install/lib/python3.10/site-packages/physicsVLA_node
[0.633s] copying /home/yuhangsong/Desktop/works/ROS2_VLA/build/physicsVLA_node/build/lib/physicsVLA_node/__init__.py -> /home/yuhangsong/Desktop/works/ROS2_VLA/install/lib/python3.10/site-packages/physicsVLA_node
[0.634s] byte-compiling /home/yuhangsong/Desktop/works/ROS2_VLA/install/lib/python3.10/site-packages/physicsVLA_node/vla_node.py to vla_node.cpython-310.pyc
[0.634s] byte-compiling /home/yuhangsong/Desktop/works/ROS2_VLA/install/lib/python3.10/site-packages/physicsVLA_node/vla_inferencer.py to vla_inferencer.cpython-310.pyc
[0.634s] byte-compiling /home/yuhangsong/Desktop/works/ROS2_VLA/install/lib/python3.10/site-packages/physicsVLA_node/__init__.py to __init__.cpython-310.pyc
[0.634s] running install_data
[0.635s] creating /home/yuhangsong/Desktop/works/ROS2_VLA/install/share/ament_index
[0.635s] creating /home/yuhangsong/Desktop/works/ROS2_VLA/install/share/ament_index/resource_index
[0.635s] creating /home/yuhangsong/Desktop/works/ROS2_VLA/install/share/ament_index/resource_index/packages
[0.635s] copying resource/physicsVLA_node -> /home/yuhangsong/Desktop/works/ROS2_VLA/install/share/ament_index/resource_index/packages
[0.635s] copying package.xml -> /home/yuhangsong/Desktop/works/ROS2_VLA/install/share/physicsVLA_node
[0.635s] running install_egg_info
[0.636s] Copying ../../build/physicsVLA_node/physicsVLA_node.egg-info to /home/yuhangsong/Desktop/works/ROS2_VLA/install/lib/python3.10/site-packages/physicsVLA_node-0.0.0-py3.10.egg-info
[0.636s] running install_scripts
[0.649s] Installing control_node script to /home/yuhangsong/Desktop/works/ROS2_VLA/install/lib/physicsVLA_node
[0.649s] writing list of installed files to '/home/yuhangsong/Desktop/works/ROS2_VLA/build/physicsVLA_node/install.log'
[0.665s] Invoked command in '/home/yuhangsong/Desktop/works/ROS2_VLA/src/physicsVLA_node' returned '0': CONDA_PROMPT_MODIFIER=(vla) PYTHONPATH=/home/yuhangsong/Desktop/works/ROS2_VLA/build/physicsVLA_node/prefix_override:/home/yuhangsong/Desktop/works/ROS2_VLA/install/lib/python3.10/site-packages:${PYTHONPATH} /usr/bin/python3 setup.py egg_info --egg-base ../../build/physicsVLA_node build --build-base /home/yuhangsong/Desktop/works/ROS2_VLA/build/physicsVLA_node/build install --record /home/yuhangsong/Desktop/works/ROS2_VLA/build/physicsVLA_node/install.log --single-version-externally-managed
