running egg_info
writing ../../build/physicsVLA_node/physicsVLA_node.egg-info/PKG-INFO
writing dependency_links to ../../build/physicsVLA_node/physicsVLA_node.egg-info/dependency_links.txt
writing entry points to ../../build/physicsVLA_node/physicsVLA_node.egg-info/entry_points.txt
writing requirements to ../../build/physicsVLA_node/physicsVLA_node.egg-info/requires.txt
writing top-level names to ../../build/physicsVLA_node/physicsVLA_node.egg-info/top_level.txt
reading manifest file '../../build/physicsVLA_node/physicsVLA_node.egg-info/SOURCES.txt'
writing manifest file '../../build/physicsVLA_node/physicsVLA_node.egg-info/SOURCES.txt'
running build
running build_py
copying physicsVLA_node/vla_node.py -> /home/yuhangsong/Desktop/works/ROS2_VLA/build/physicsVLA_node/build/lib/physicsVLA_node
running install
running install_lib
copying /home/yuhangsong/Desktop/works/ROS2_VLA/build/physicsVLA_node/build/lib/physicsVLA_node/vla_node.py -> /home/yuhangsong/Desktop/works/ROS2_VLA/install/physicsVLA_node/lib/python3.10/site-packages/physicsVLA_node
byte-compiling /home/yuhangsong/Desktop/works/ROS2_VLA/install/physicsVLA_node/lib/python3.10/site-packages/physicsVLA_node/vla_node.py to vla_node.cpython-310.pyc
running install_data
running install_egg_info
removing '/home/yuhangsong/Desktop/works/ROS2_VLA/install/physicsVLA_node/lib/python3.10/site-packages/physicsVLA_node-0.0.0-py3.10.egg-info' (and everything under it)
Copying ../../build/physicsVLA_node/physicsVLA_node.egg-info to /home/yuhangsong/Desktop/works/ROS2_VLA/install/physicsVLA_node/lib/python3.10/site-packages/physicsVLA_node-0.0.0-py3.10.egg-info
running install_scripts
Installing control_node script to /home/yuhangsong/Desktop/works/ROS2_VLA/install/physicsVLA_node/lib/physicsVLA_node
writing list of installed files to '/home/yuhangsong/Desktop/works/ROS2_VLA/build/physicsVLA_node/install.log'
